2025-04-14 23:05:01.799051 - Received CBT.V508.FILE1001.PDS from FILE1001.XMI 
2025-04-14 23:05:01.800658 - Found $$$#DATE.txt (text/plain) in CBT.V508.FILE1001.PDS, moved to PDS/$$$#DATE
2025-04-14 23:05:01.800845 - Found $README.txt (text/plain) in CBT.V508.FILE1001.PDS, moved to PDS/$README
2025-04-14 23:05:01.801052 - Found @FIL1001.txt (text/plain) in CBT.V508.FILE1001.PDS, moved to PDS/@FIL1001
2025-04-14 23:05:01.801609 - Found EXECS.xmi (application/xmit) in CBT.V508.FILE1001.PDS, moved to PDS/EXECS.xmi
2025-04-14 23:05:01.859336 - Received PVELS.CBT.EXEC from EXECS.xmi 
2025-04-14 23:05:01.860251 - Found FERNSIDE.rexx (text/plain) in PVELS.CBT.EXEC, moved to EXECS/FERNSIDE
2025-04-14 23:05:01.860592 - Found MANDELBR.rexx (text/plain) in PVELS.CBT.EXEC, moved to EXECS/MANDELBR
2025-04-14 23:05:01.860881 - Found PVALLOCD.rexx (text/plain) in PVELS.CBT.EXEC, moved to EXECS/PVALLOCD
2025-04-14 23:05:01.861164 - Found PVCPUPCT.rexx (text/plain) in PVELS.CBT.EXEC, moved to EXECS/PVCPUPCT
2025-04-14 23:05:01.861755 - Found PVJCL.bin (application/octet-stream) in PVELS.CBT.EXEC, moved to EXECS/PVJCL
2025-04-14 23:05:01.862062 - Found SYNTAX.rexx (text/plain) in PVELS.CBT.EXEC, moved to EXECS/SYNTAX
2025-04-14 23:05:01.862574 - Found INSTALL.jcl (text/plain) in CBT.V508.FILE1001.PDS, moved to PDS/INSTALL
2025-04-14 23:05:01.862868 - Found INSTALLS.jcl (text/plain) in CBT.V508.FILE1001.PDS, moved to PDS/INSTALLS
2025-04-14 23:05:01.863173 - Found PANELS.xmi (application/xmit) in CBT.V508.FILE1001.PDS, moved to PDS/PANELS.xmi
2025-04-14 23:05:01.882398 - Received PVELS.CBT.PANELS from PANELS.xmi 
2025-04-14 23:05:01.883353 - Found FERNSIDE.txt (text/plain) in PVELS.CBT.PANELS, moved to PANELS/FERNSIDE
2025-04-14 23:05:01.883675 - Found PVALLOCD.bin (application/octet-stream) in PVELS.CBT.PANELS, moved to PANELS/PVALLOCD
2025-04-14 23:05:01.883865 - Found PVCPUPCT.txt (text/plain) in PVELS.CBT.PANELS, moved to PANELS/PVCPUPCT
2025-04-14 23:05:01.884179 - Found SYNTAX.txt (text/plain) in PVELS.CBT.PANELS, moved to PANELS/SYNTAX
